# JRE version: OpenJDK Runtime Environment (11.0.10) (build 11.0.10+0-b96-7249189)
# Java VM: OpenJDK 64-Bit Server VM (11.0.10+0-b96-7249189, mixed mode, tiered, compressed oops, g1 gc, windows-amd64)
Heap:
 garbage-first heap   total 329728K, used 194542K [0x0000000080000000, 0x0000000100000000)
  region size 1024K, 6 young (6144K), 6 survivors (6144K)
 Metaspace       used 120628K, capacity 124083K, committed 124160K, reserved 1157120K
  class space    used 15476K, capacity 16828K, committed 16896K, reserved 1048576K
GC Heap History (20 events):
Event: 28.569 GC heap after
{Heap after GC invocations=37 (full 0):
 garbage-first heap   total 227328K, used 136105K [0x0000000080000000, 0x0000000100000000)
  region size 1024K, 7 young (7168K), 7 survivors (7168K)
 Metaspace       used 104446K, capacity 106939K, committed 107008K, reserved 1142784K
  class space    used 13360K, capacity 14269K, committed 14336K, reserved 1048576K
}
Event: 29.218 GC heap before
{Heap before GC invocations=38 (full 0):
 garbage-first heap   total 227328K, used 167849K [0x0000000080000000, 0x0000000100000000)
  region size 1024K, 42 young (43008K), 7 survivors (7168K)
 Metaspace       used 105614K, capacity 108154K, committed 108416K, reserved 1142784K
  class space    used 13506K, capacity 14444K, committed 14464K, reserved 1048576K
}
Event: 29.243 GC heap after
{Heap after GC invocations=39 (full 0):
 garbage-first heap   total 227328K, used 137216K [0x0000000080000000, 0x0000000100000000)
  region size 1024K, 5 young (5120K), 5 survivors (5120K)
 Metaspace       used 105614K, capacity 108154K, committed 108416K, reserved 1142784K
  class space    used 13506K, capacity 14444K, committed 14464K, reserved 1048576K
}
Event: 29.335 GC heap before
{Heap before GC invocations=39 (full 0):
 garbage-first heap   total 227328K, used 145408K [0x0000000080000000, 0x0000000100000000)
  region size 1024K, 11 young (11264K), 5 survivors (5120K)
 Metaspace       used 105618K, capacity 108154K, committed 108416K, reserved 1142784K
  class space    used 13506K, capacity 14444K, committed 14464K, reserved 1048576K
}
Event: 29.356 GC heap after
{Heap after GC invocations=40 (full 0):
 garbage-first heap   total 227328K, used 131695K [0x0000000080000000, 0x0000000100000000)
  region size 1024K, 1 young (1024K), 1 survivors (1024K)
 Metaspace       used 105618K, capacity 108154K, committed 108416K, reserved 1142784K
  class space    used 13506K, capacity 14444K, committed 14464K, reserved 1048576K
}
Event: 30.204 GC heap before
{Heap before GC invocations=40 (full 0):
 garbage-first heap   total 227328K, used 171631K [0x0000000080000000, 0x0000000100000000)
  region size 1024K, 39 young (39936K), 1 survivors (1024K)
 Metaspace       used 106049K, capacity 108698K, committed 108800K, reserved 1142784K
  class space    used 13552K, capacity 14515K, committed 14592K, reserved 1048576K
}
Event: 30.220 GC heap after
{Heap after GC invocations=41 (full 0):
 garbage-first heap   total 274432K, used 139520K [0x0000000080000000, 0x0000000100000000)
  region size 1024K, 5 young (5120K), 5 survivors (5120K)
 Metaspace       used 106049K, capacity 108698K, committed 108800K, reserved 1142784K
  class space    used 13552K, capacity 14515K, committed 14592K, reserved 1048576K
}
Event: 30.953 GC heap before
{Heap before GC invocations=42 (full 0):
 garbage-first heap   total 274432K, used 201984K [0x0000000080000000, 0x0000000100000000)
  region size 1024K, 59 young (60416K), 5 survivors (5120K)
 Metaspace       used 106317K, capacity 108936K, committed 109312K, reserved 1144832K
  class space    used 13561K, capacity 14503K, committed 14592K, reserved 1048576K
}
Event: 30.969 GC heap after
{Heap after GC invocations=43 (full 0):
 garbage-first heap   total 274432K, used 153512K [0x0000000080000000, 0x0000000100000000)
  region size 1024K, 8 young (8192K), 8 survivors (8192K)
 Metaspace       used 106317K, capacity 108936K, committed 109312K, reserved 1144832K
  class space    used 13561K, capacity 14503K, committed 14592K, reserved 1048576K
}
Event: 31.062 GC heap before
{Heap before GC invocations=43 (full 0):
 garbage-first heap   total 274432K, used 158632K [0x0000000080000000, 0x0000000100000000)
  region size 1024K, 13 young (13312K), 8 survivors (8192K)
 Metaspace       used 106323K, capacity 108936K, committed 109312K, reserved 1144832K
  class space    used 13561K, capacity 14503K, committed 14592K, reserved 1048576K
}
Event: 31.073 GC heap after
{Heap after GC invocations=44 (full 0):
 garbage-first heap   total 274432K, used 152692K [0x0000000080000000, 0x0000000100000000)
  region size 1024K, 1 young (1024K), 1 survivors (1024K)
 Metaspace       used 106323K, capacity 108936K, committed 109312K, reserved 1144832K
  class space    used 13561K, capacity 14503K, committed 14592K, reserved 1048576K
}
Event: 31.691 GC heap before
{Heap before GC invocations=44 (full 0):
 garbage-first heap   total 274432K, used 203892K [0x0000000080000000, 0x0000000100000000)
  region size 1024K, 52 young (53248K), 1 survivors (1024K)
 Metaspace       used 107359K, capacity 109933K, committed 110208K, reserved 1144832K
  class space    used 13668K, capacity 14609K, committed 14720K, reserved 1048576K
}
Event: 31.698 GC heap after
{Heap after GC invocations=45 (full 0):
 garbage-first heap   total 274432K, used 154958K [0x0000000080000000, 0x0000000100000000)
  region size 1024K, 3 young (3072K), 3 survivors (3072K)
 Metaspace       used 107359K, capacity 109933K, committed 110208K, reserved 1144832K
  class space    used 13668K, capacity 14609K, committed 14720K, reserved 1048576K
}
Event: 33.378 GC heap before
{Heap before GC invocations=45 (full 0):
 garbage-first heap   total 274432K, used 211278K [0x0000000080000000, 0x0000000100000000)
  region size 1024K, 57 young (58368K), 3 survivors (3072K)
 Metaspace       used 114108K, capacity 116733K, committed 116992K, reserved 1150976K
  class space    used 14525K, capacity 15512K, committed 15616K, reserved 1048576K
}
Event: 33.389 GC heap after
{Heap after GC invocations=46 (full 0):
 garbage-first heap   total 274432K, used 163954K [0x0000000080000000, 0x0000000100000000)
  region size 1024K, 8 young (8192K), 8 survivors (8192K)
 Metaspace       used 114108K, capacity 116733K, committed 116992K, reserved 1150976K
  class space    used 14525K, capacity 15512K, committed 15616K, reserved 1048576K
}
Event: 34.241 GC heap before
{Heap before GC invocations=46 (full 0):
 garbage-first heap   total 274432K, used 220274K [0x0000000080000000, 0x0000000100000000)
  region size 1024K, 58 young (59392K), 8 survivors (8192K)
 Metaspace       used 116542K, capacity 119480K, committed 119680K, reserved 1153024K
  class space    used 14799K, capacity 15900K, committed 16000K, reserved 1048576K
}
Event: 34.257 GC heap after
{Heap after GC invocations=47 (full 0):
 garbage-first heap   total 274432K, used 173228K [0x0000000080000000, 0x0000000100000000)
  region size 1024K, 8 young (8192K), 8 survivors (8192K)
 Metaspace       used 116542K, capacity 119480K, committed 119680K, reserved 1153024K
  class space    used 14799K, capacity 15900K, committed 16000K, reserved 1048576K
}
Event: 34.506 GC heap before
{Heap before GC invocations=47 (full 0):
 garbage-first heap   total 274432K, used 219308K [0x0000000080000000, 0x0000000100000000)
  region size 1024K, 54 young (55296K), 8 survivors (8192K)
 Metaspace       used 117158K, capacity 120149K, committed 120192K, reserved 1153024K
  class space    used 14873K, capacity 15996K, committed 16000K, reserved 1048576K
}
Event: 34.527 GC heap after
{Heap after GC invocations=48 (full 0):
 garbage-first heap   total 274432K, used 187634K [0x0000000080000000, 0x0000000100000000)
  region size 1024K, 7 young (7168K), 7 survivors (7168K)
 Metaspace       used 117158K, capacity 120149K, committed 120192K, reserved 1153024K
  class space    used 14873K, capacity 15996K, committed 16000K, reserved 1048576K
}
Event: 34.958 GC heap before
{Heap before GC invocations=48 (full 0):
 garbage-first heap   total 274432K, used 222450K [0x0000000080000000, 0x0000000100000000)
  region size 1024K, 42 young (43008K), 7 survivors (7168K)
 Metaspace       used 120628K, capacity 124083K, committed 124160K, reserved 1157120K
  class space    used 15476K, capacity 16828K, committed 16896K, reserved 1048576K
}

