# JRE version: OpenJDK Runtime Environment (11.0.10) (build 11.0.10+0-b96-7249189)
# Java VM: OpenJDK 64-Bit Server VM (11.0.10+0-b96-7249189, mixed mode, tiered, compressed oops, g1 gc, windows-amd64)
Heap:
 garbage-first heap   total 284672K, used 132683K [0x0000000080000000, 0x0000000100000000)
  region size 1024K, 1 young (1024K), 1 survivors (1024K)
 Metaspace       used 105708K, capacity 108216K, committed 108416K, reserved 1142784K
  class space    used 13514K, capacity 14418K, committed 14464K, reserved 1048576K
GC Heap History (20 events):
Event: 25.373 GC heap after
{Heap after GC invocations=26 (full 0):
 garbage-first heap   total 189440K, used 88221K [0x0000000080000000, 0x0000000100000000)
  region size 1024K, 4 young (4096K), 4 survivors (4096K)
 Metaspace       used 91787K, capacity 93934K, committed 94336K, reserved 1130496K
  class space    used 11536K, capacity 12324K, committed 12416K, reserved 1048576K
}
Event: 25.456 GC heap before
{Heap before GC invocations=26 (full 0):
 garbage-first heap   total 189440K, used 93341K [0x0000000080000000, 0x0000000100000000)
  region size 1024K, 9 young (9216K), 4 survivors (4096K)
 Metaspace       used 92105K, capacity 94228K, committed 94720K, reserved 1132544K
  class space    used 11581K, capacity 12357K, committed 12544K, reserved 1048576K
}
Event: 25.462 GC heap after
{Heap after GC invocations=27 (full 0):
 garbage-first heap   total 189440K, used 77759K [0x0000000080000000, 0x0000000100000000)
  region size 1024K, 1 young (1024K), 1 survivors (1024K)
 Metaspace       used 92105K, capacity 94228K, committed 94720K, reserved 1132544K
  class space    used 11581K, capacity 12357K, committed 12544K, reserved 1048576K
}
Event: 26.900 GC heap before
{Heap before GC invocations=27 (full 0):
 garbage-first heap   total 189440K, used 145343K [0x0000000080000000, 0x0000000100000000)
  region size 1024K, 68 young (69632K), 1 survivors (1024K)
 Metaspace       used 95477K, capacity 97641K, committed 97920K, reserved 1134592K
  class space    used 11986K, capacity 12761K, committed 12928K, reserved 1048576K
}
Event: 26.908 GC heap after
{Heap after GC invocations=28 (full 0):
 garbage-first heap   total 189440K, used 80789K [0x0000000080000000, 0x0000000100000000)
  region size 1024K, 4 young (4096K), 4 survivors (4096K)
 Metaspace       used 95477K, capacity 97641K, committed 97920K, reserved 1134592K
  class space    used 11986K, capacity 12761K, committed 12928K, reserved 1048576K
}
Event: 27.827 GC heap before
{Heap before GC invocations=28 (full 0):
 garbage-first heap   total 189440K, used 152469K [0x0000000080000000, 0x0000000100000000)
  region size 1024K, 71 young (72704K), 4 survivors (4096K)
 Metaspace       used 96669K, capacity 98919K, committed 99200K, reserved 1136640K
  class space    used 12109K, capacity 12890K, committed 12928K, reserved 1048576K
}
Event: 27.839 GC heap after
{Heap after GC invocations=29 (full 0):
 garbage-first heap   total 189440K, used 91777K [0x0000000080000000, 0x0000000100000000)
  region size 1024K, 9 young (9216K), 9 survivors (9216K)
 Metaspace       used 96669K, capacity 98919K, committed 99200K, reserved 1136640K
  class space    used 12109K, capacity 12890K, committed 12928K, reserved 1048576K
}
Event: 28.813 GC heap before
{Heap before GC invocations=29 (full 0):
 garbage-first heap   total 189440K, used 152193K [0x0000000080000000, 0x0000000100000000)
  region size 1024K, 69 young (70656K), 9 survivors (9216K)
 Metaspace       used 99509K, capacity 101860K, committed 102016K, reserved 1138688K
  class space    used 12509K, capacity 13330K, committed 13440K, reserved 1048576K
}
Event: 28.829 GC heap after
{Heap after GC invocations=30 (full 0):
 garbage-first heap   total 189440K, used 94216K [0x0000000080000000, 0x0000000100000000)
  region size 1024K, 4 young (4096K), 4 survivors (4096K)
 Metaspace       used 99509K, capacity 101860K, committed 102016K, reserved 1138688K
  class space    used 12509K, capacity 13330K, committed 13440K, reserved 1048576K
}
Event: 28.870 GC heap before
{Heap before GC invocations=30 (full 0):
 garbage-first heap   total 189440K, used 96264K [0x0000000080000000, 0x0000000100000000)
  region size 1024K, 7 young (7168K), 4 survivors (4096K)
 Metaspace       used 99679K, capacity 102076K, committed 102272K, reserved 1138688K
  class space    used 12529K, capacity 13373K, committed 13440K, reserved 1048576K
}
Event: 28.876 GC heap after
{Heap after GC invocations=31 (full 0):
 garbage-first heap   total 189440K, used 94179K [0x0000000080000000, 0x0000000100000000)
  region size 1024K, 4 young (4096K), 4 survivors (4096K)
 Metaspace       used 99679K, capacity 102076K, committed 102272K, reserved 1138688K
  class space    used 12529K, capacity 13373K, committed 13440K, reserved 1048576K
}
Event: 30.058 GC heap before
{Heap before GC invocations=32 (full 0):
 garbage-first heap   total 189440K, used 153571K [0x0000000080000000, 0x0000000100000000)
  region size 1024K, 53 young (54272K), 4 survivors (4096K)
 Metaspace       used 102748K, capacity 105168K, committed 105472K, reserved 1140736K
  class space    used 13134K, capacity 13980K, committed 14080K, reserved 1048576K
}
Event: 30.084 GC heap after
{Heap after GC invocations=33 (full 0):
 garbage-first heap   total 227328K, used 112517K [0x0000000080000000, 0x0000000100000000)
  region size 1024K, 7 young (7168K), 7 survivors (7168K)
 Metaspace       used 102748K, capacity 105168K, committed 105472K, reserved 1140736K
  class space    used 13134K, capacity 13980K, committed 14080K, reserved 1048576K
}
Event: 30.136 GC heap before
{Heap before GC invocations=33 (full 0):
 garbage-first heap   total 227328K, used 116613K [0x0000000080000000, 0x0000000100000000)
  region size 1024K, 11 young (11264K), 7 survivors (7168K)
 Metaspace       used 102891K, capacity 105350K, committed 105472K, reserved 1140736K
  class space    used 13158K, capacity 14019K, committed 14080K, reserved 1048576K
}
Event: 30.154 GC heap after
{Heap after GC invocations=34 (full 0):
 garbage-first heap   total 227328K, used 111915K [0x0000000080000000, 0x0000000100000000)
  region size 1024K, 2 young (2048K), 2 survivors (2048K)
 Metaspace       used 102891K, capacity 105350K, committed 105472K, reserved 1140736K
  class space    used 13158K, capacity 14019K, committed 14080K, reserved 1048576K
}
Event: 31.147 GC heap before
{Heap before GC invocations=34 (full 0):
 garbage-first heap   total 227328K, used 169259K [0x0000000080000000, 0x0000000100000000)
  region size 1024K, 58 young (59392K), 2 survivors (2048K)
 Metaspace       used 104971K, capacity 107468K, committed 107520K, reserved 1142784K
  class space    used 13429K, capacity 14305K, committed 14336K, reserved 1048576K
}
Event: 31.180 GC heap after
{Heap after GC invocations=35 (full 0):
 garbage-first heap   total 227328K, used 134951K [0x0000000080000000, 0x0000000100000000)
  region size 1024K, 8 young (8192K), 8 survivors (8192K)
 Metaspace       used 104971K, capacity 107468K, committed 107520K, reserved 1142784K
  class space    used 13429K, capacity 14305K, committed 14336K, reserved 1048576K
}
Event: 31.961 GC heap before
{Heap before GC invocations=36 (full 0):
 garbage-first heap   total 227328K, used 170791K [0x0000000080000000, 0x0000000100000000)
  region size 1024K, 46 young (47104K), 8 survivors (8192K)
 Metaspace       used 105576K, capacity 108121K, committed 108416K, reserved 1142784K
  class space    used 13502K, capacity 14410K, committed 14464K, reserved 1048576K
}
Event: 31.992 GC heap after
{Heap after GC invocations=37 (full 0):
 garbage-first heap   total 227328K, used 138406K [0x0000000080000000, 0x0000000100000000)
  region size 1024K, 6 young (6144K), 6 survivors (6144K)
 Metaspace       used 105576K, capacity 108121K, committed 108416K, reserved 1142784K
  class space    used 13502K, capacity 14410K, committed 14464K, reserved 1048576K
}
Event: 32.182 GC heap before
{Heap before GC invocations=37 (full 0):
 garbage-first heap   total 227328K, used 142502K [0x0000000080000000, 0x0000000100000000)
  region size 1024K, 11 young (11264K), 6 survivors (6144K)
 Metaspace       used 105708K, capacity 108216K, committed 108416K, reserved 1142784K
  class space    used 13514K, capacity 14418K, committed 14464K, reserved 1048576K
}

