# JRE version: OpenJDK Runtime Environment (11.0.10) (build 11.0.10+0-b96-7249189)
# Java VM: OpenJDK 64-Bit Server VM (11.0.10+0-b96-7249189, mixed mode, tiered, compressed oops, g1 gc, windows-amd64)
Heap:
 garbage-first heap   total 329728K, used 220358K [0x0000000080000000, 0x0000000100000000)
  region size 1024K, 48 young (49152K), 7 survivors (7168K)
 Metaspace       used 121604K, capacity 125035K, committed 125260K, reserved 1157120K
  class space    used 15506K, capacity 16859K, committed 16972K, reserved 1048576K
GC Heap History (20 events):
Event: 32.118 GC heap before
{Heap before GC invocations=45 (full 0):
 garbage-first heap   total 227328K, used 169805K [0x0000000080000000, 0x0000000100000000)
  region size 1024K, 44 young (45056K), 5 survivors (5120K)
 Metaspace       used 105640K, capacity 108164K, committed 108492K, reserved 1142784K
  class space    used 13508K, capacity 14429K, committed 14540K, reserved 1048576K
}
Event: 32.156 GC heap after
{Heap after GC invocations=46 (full 0):
 garbage-first heap   total 227328K, used 139264K [0x0000000080000000, 0x0000000100000000)
  region size 1024K, 6 young (6144K), 6 survivors (6144K)
 Metaspace       used 105640K, capacity 108164K, committed 108492K, reserved 1142784K
  class space    used 13508K, capacity 14429K, committed 14540K, reserved 1048576K
}
Event: 32.257 GC heap before
{Heap before GC invocations=46 (full 0):
 garbage-first heap   total 227328K, used 143360K [0x0000000080000000, 0x0000000100000000)
  region size 1024K, 11 young (11264K), 6 survivors (6144K)
 Metaspace       used 105659K, capacity 108170K, committed 108492K, reserved 1142784K
  class space    used 13508K, capacity 14429K, committed 14540K, reserved 1048576K
}
Event: 32.278 GC heap after
{Heap after GC invocations=47 (full 0):
 garbage-first heap   total 227328K, used 138938K [0x0000000080000000, 0x0000000100000000)
  region size 1024K, 2 young (2048K), 2 survivors (2048K)
 Metaspace       used 105659K, capacity 108170K, committed 108492K, reserved 1142784K
  class space    used 13508K, capacity 14429K, committed 14540K, reserved 1048576K
}
Event: 33.745 GC heap before
{Heap before GC invocations=47 (full 0):
 garbage-first heap   total 227328K, used 177850K [0x0000000080000000, 0x0000000100000000)
  region size 1024K, 37 young (37888K), 2 survivors (2048K)
 Metaspace       used 106079K, capacity 108698K, committed 108748K, reserved 1142784K
  class space    used 13551K, capacity 14494K, committed 14540K, reserved 1048576K
}
Event: 33.766 GC heap after
{Heap after GC invocations=48 (full 0):
 garbage-first heap   total 227328K, used 146656K [0x0000000080000000, 0x0000000100000000)
  region size 1024K, 5 young (5120K), 5 survivors (5120K)
 Metaspace       used 106079K, capacity 108698K, committed 108748K, reserved 1142784K
  class space    used 13551K, capacity 14494K, committed 14540K, reserved 1048576K
}
Event: 34.296 GC heap before
{Heap before GC invocations=48 (full 0):
 garbage-first heap   total 227328K, used 176352K [0x0000000080000000, 0x0000000100000000)
  region size 1024K, 38 young (38912K), 5 survivors (5120K)
 Metaspace       used 106152K, capacity 108693K, committed 109004K, reserved 1144832K
  class space    used 13548K, capacity 14467K, committed 14540K, reserved 1048576K
}
Event: 34.333 GC heap after
{Heap after GC invocations=49 (full 0):
 garbage-first heap   total 274432K, used 150102K [0x0000000080000000, 0x0000000100000000)
  region size 1024K, 5 young (5120K), 5 survivors (5120K)
 Metaspace       used 106152K, capacity 108693K, committed 109004K, reserved 1144832K
  class space    used 13548K, capacity 14467K, committed 14540K, reserved 1048576K
}
Event: 35.135 GC heap before
{Heap before GC invocations=50 (full 0):
 garbage-first heap   total 274432K, used 208470K [0x0000000080000000, 0x0000000100000000)
  region size 1024K, 56 young (57344K), 5 survivors (5120K)
 Metaspace       used 106998K, capacity 109566K, committed 109900K, reserved 1144832K
  class space    used 13629K, capacity 14574K, committed 14668K, reserved 1048576K
}
Event: 35.150 GC heap after
{Heap after GC invocations=51 (full 0):
 garbage-first heap   total 274432K, used 162259K [0x0000000080000000, 0x0000000100000000)
  region size 1024K, 5 young (5120K), 5 survivors (5120K)
 Metaspace       used 106998K, capacity 109566K, committed 109900K, reserved 1144832K
  class space    used 13629K, capacity 14574K, committed 14668K, reserved 1048576K
}
Event: 35.268 GC heap before
{Heap before GC invocations=51 (full 0):
 garbage-first heap   total 274432K, used 169427K [0x0000000080000000, 0x0000000100000000)
  region size 1024K, 13 young (13312K), 5 survivors (5120K)
 Metaspace       used 107055K, capacity 109630K, committed 109900K, reserved 1144832K
  class space    used 13634K, capacity 14574K, committed 14668K, reserved 1048576K
}
Event: 35.283 GC heap after
{Heap after GC invocations=52 (full 0):
 garbage-first heap   total 274432K, used 152186K [0x0000000080000000, 0x0000000100000000)
  region size 1024K, 2 young (2048K), 2 survivors (2048K)
 Metaspace       used 107055K, capacity 109630K, committed 109900K, reserved 1144832K
  class space    used 13634K, capacity 14574K, committed 14668K, reserved 1048576K
}
Event: 36.494 GC heap before
{Heap before GC invocations=52 (full 0):
 garbage-first heap   total 274432K, used 205434K [0x0000000080000000, 0x0000000100000000)
  region size 1024K, 55 young (56320K), 2 survivors (2048K)
 Metaspace       used 113230K, capacity 115900K, committed 116044K, reserved 1150976K
  class space    used 14448K, capacity 15429K, committed 15436K, reserved 1048576K
}
Event: 36.500 GC heap after
{Heap after GC invocations=53 (full 0):
 garbage-first heap   total 274432K, used 152759K [0x0000000080000000, 0x0000000100000000)
  region size 1024K, 3 young (3072K), 3 survivors (3072K)
 Metaspace       used 113230K, capacity 115900K, committed 116044K, reserved 1150976K
  class space    used 14448K, capacity 15429K, committed 15436K, reserved 1048576K
}
Event: 38.310 GC heap before
{Heap before GC invocations=53 (full 0):
 garbage-first heap   total 274432K, used 218295K [0x0000000080000000, 0x0000000100000000)
  region size 1024K, 59 young (60416K), 3 survivors (3072K)
 Metaspace       used 116325K, capacity 119183K, committed 119372K, reserved 1153024K
  class space    used 14736K, capacity 15830K, committed 15948K, reserved 1048576K
}
Event: 38.317 GC heap after
{Heap after GC invocations=54 (full 0):
 garbage-first heap   total 274432K, used 160220K [0x0000000080000000, 0x0000000100000000)
  region size 1024K, 6 young (6144K), 6 survivors (6144K)
 Metaspace       used 116325K, capacity 119183K, committed 119372K, reserved 1153024K
  class space    used 14736K, capacity 15830K, committed 15948K, reserved 1048576K
}
Event: 38.686 GC heap before
{Heap before GC invocations=54 (full 0):
 garbage-first heap   total 274432K, used 215516K [0x0000000080000000, 0x0000000100000000)
  region size 1024K, 61 young (62464K), 6 survivors (6144K)
 Metaspace       used 117259K, capacity 120176K, committed 120268K, reserved 1153024K
  class space    used 14855K, capacity 15984K, committed 16076K, reserved 1048576K
}
Event: 38.726 GC heap after
{Heap after GC invocations=55 (full 0):
 garbage-first heap   total 274432K, used 172968K [0x0000000080000000, 0x0000000100000000)
  region size 1024K, 8 young (8192K), 8 survivors (8192K)
 Metaspace       used 117259K, capacity 120176K, committed 120268K, reserved 1153024K
  class space    used 14855K, capacity 15984K, committed 16076K, reserved 1048576K
}
Event: 39.248 GC heap before
{Heap before GC invocations=55 (full 0):
 garbage-first heap   total 274432K, used 219048K [0x0000000080000000, 0x0000000100000000)
  region size 1024K, 54 young (55296K), 8 survivors (8192K)
 Metaspace       used 120868K, capacity 124283K, committed 124492K, reserved 1157120K
  class space    used 15493K, capacity 16852K, committed 16972K, reserved 1048576K
}
Event: 39.274 GC heap after
{Heap after GC invocations=56 (full 0):
 garbage-first heap   total 329728K, used 180422K [0x0000000080000000, 0x0000000100000000)
  region size 1024K, 7 young (7168K), 7 survivors (7168K)
 Metaspace       used 120868K, capacity 124283K, committed 124492K, reserved 1157120K
  class space    used 15493K, capacity 16852K, committed 16972K, reserved 1048576K
}

