# JRE version: OpenJDK Runtime Environment (11.0.10) (build 11.0.10+0-b96-7249189)
# Java VM: OpenJDK 64-Bit Server VM (11.0.10+0-b96-7249189, mixed mode, tiered, compressed oops, g1 gc, windows-amd64)
Heap:
 garbage-first heap   total 429056K, used 135675K [0x0000000080000000, 0x0000000100000000)
  region size 1024K, 2 young (2048K), 2 survivors (2048K)
 Metaspace       used 106048K, capacity 108602K, committed 108748K, reserved 1142784K
  class space    used 13535K, capacity 14458K, committed 14540K, reserved 1048576K
GC Heap History (20 events):
Event: 29.309 GC heap after
{Heap after GC invocations=30 (full 0):
 garbage-first heap   total 189440K, used 84600K [0x0000000080000000, 0x0000000100000000)
  region size 1024K, 8 young (8192K), 8 survivors (8192K)
 Metaspace       used 96543K, capacity 98803K, committed 99020K, reserved 1134592K
  class space    used 12084K, capacity 12880K, committed 13004K, reserved 1048576K
}
Event: 30.282 GC heap before
{Heap before GC invocations=30 (full 0):
 garbage-first heap   total 189440K, used 152184K [0x0000000080000000, 0x0000000100000000)
  region size 1024K, 71 young (72704K), 8 survivors (8192K)
 Metaspace       used 98646K, capacity 100902K, committed 101068K, reserved 1136640K
  class space    used 12367K, capacity 13188K, committed 13260K, reserved 1048576K
}
Event: 30.295 GC heap after
{Heap after GC invocations=31 (full 0):
 garbage-first heap   total 189440K, used 93024K [0x0000000080000000, 0x0000000100000000)
  region size 1024K, 9 young (9216K), 9 survivors (9216K)
 Metaspace       used 98646K, capacity 100902K, committed 101068K, reserved 1136640K
  class space    used 12367K, capacity 13188K, committed 13260K, reserved 1048576K
}
Event: 30.347 GC heap before
{Heap before GC invocations=31 (full 0):
 garbage-first heap   total 189440K, used 96096K [0x0000000080000000, 0x0000000100000000)
  region size 1024K, 13 young (13312K), 9 survivors (9216K)
 Metaspace       used 98691K, capacity 100974K, committed 101068K, reserved 1136640K
  class space    used 12373K, capacity 13190K, committed 13260K, reserved 1048576K
}
Event: 30.357 GC heap after
{Heap after GC invocations=32 (full 0):
 garbage-first heap   total 189440K, used 93057K [0x0000000080000000, 0x0000000100000000)
  region size 1024K, 1 young (1024K), 1 survivors (1024K)
 Metaspace       used 98691K, capacity 100974K, committed 101068K, reserved 1136640K
  class space    used 12373K, capacity 13190K, committed 13260K, reserved 1048576K
}
Event: 31.316 GC heap before
{Heap before GC invocations=33 (full 0):
 garbage-first heap   total 189440K, used 155521K [0x0000000080000000, 0x0000000100000000)
  region size 1024K, 53 young (54272K), 1 survivors (1024K)
 Metaspace       used 101204K, capacity 103604K, committed 103756K, reserved 1138688K
  class space    used 12730K, capacity 13582K, committed 13644K, reserved 1048576K
}
Event: 31.334 GC heap after
{Heap after GC invocations=34 (full 0):
 garbage-first heap   total 189440K, used 111204K [0x0000000080000000, 0x0000000100000000)
  region size 1024K, 7 young (7168K), 7 survivors (7168K)
 Metaspace       used 101204K, capacity 103604K, committed 103756K, reserved 1138688K
  class space    used 12730K, capacity 13582K, committed 13644K, reserved 1048576K
}
Event: 31.388 GC heap before
{Heap before GC invocations=34 (full 0):
 garbage-first heap   total 189440K, used 112228K [0x0000000080000000, 0x0000000100000000)
  region size 1024K, 9 young (9216K), 7 survivors (7168K)
 Metaspace       used 101685K, capacity 104115K, committed 104396K, reserved 1140736K
  class space    used 12823K, capacity 13693K, committed 13772K, reserved 1048576K
}
Event: 31.400 GC heap after
{Heap after GC invocations=35 (full 0):
 garbage-first heap   total 189440K, used 108954K [0x0000000080000000, 0x0000000100000000)
  region size 1024K, 1 young (1024K), 1 survivors (1024K)
 Metaspace       used 101685K, capacity 104115K, committed 104396K, reserved 1140736K
  class space    used 12823K, capacity 13693K, committed 13772K, reserved 1048576K
}
Event: 31.874 GC heap before
{Heap before GC invocations=35 (full 0):
 garbage-first heap   total 189440K, used 146842K [0x0000000080000000, 0x0000000100000000)
  region size 1024K, 38 young (38912K), 1 survivors (1024K)
 Metaspace       used 103200K, capacity 105599K, committed 105804K, reserved 1140736K
  class space    used 13164K, capacity 14033K, committed 14156K, reserved 1048576K
}
Event: 31.895 GC heap after
{Heap after GC invocations=36 (full 0):
 garbage-first heap   total 189440K, used 126220K [0x0000000080000000, 0x0000000100000000)
  region size 1024K, 5 young (5120K), 5 survivors (5120K)
 Metaspace       used 103200K, capacity 105599K, committed 105804K, reserved 1140736K
  class space    used 13164K, capacity 14033K, committed 14156K, reserved 1048576K
}
Event: 32.643 GC heap before
{Heap before GC invocations=37 (full 0):
 garbage-first heap   total 189440K, used 148748K [0x0000000080000000, 0x0000000100000000)
  region size 1024K, 27 young (27648K), 5 survivors (5120K)
 Metaspace       used 104935K, capacity 107414K, committed 107596K, reserved 1142784K
  class space    used 13421K, capacity 14311K, committed 14412K, reserved 1048576K
}
Event: 32.696 GC heap after
{Heap after GC invocations=38 (full 0):
 garbage-first heap   total 227328K, used 134937K [0x0000000080000000, 0x0000000100000000)
  region size 1024K, 4 young (4096K), 4 survivors (4096K)
 Metaspace       used 104935K, capacity 107414K, committed 107596K, reserved 1142784K
  class space    used 13421K, capacity 14311K, committed 14412K, reserved 1048576K
}
Event: 32.975 GC heap before
{Heap before GC invocations=38 (full 0):
 garbage-first heap   total 227328K, used 141081K [0x0000000080000000, 0x0000000100000000)
  region size 1024K, 11 young (11264K), 4 survivors (4096K)
 Metaspace       used 105198K, capacity 107696K, committed 107852K, reserved 1142784K
  class space    used 13456K, capacity 14361K, committed 14412K, reserved 1048576K
}
Event: 32.995 GC heap after
{Heap after GC invocations=39 (full 0):
 garbage-first heap   total 227328K, used 135664K [0x0000000080000000, 0x0000000100000000)
  region size 1024K, 2 young (2048K), 2 survivors (2048K)
 Metaspace       used 105198K, capacity 107696K, committed 107852K, reserved 1142784K
  class space    used 13456K, capacity 14361K, committed 14412K, reserved 1048576K
}
Event: 33.994 GC heap before
{Heap before GC invocations=39 (full 0):
 garbage-first heap   total 227328K, used 169456K [0x0000000080000000, 0x0000000100000000)
  region size 1024K, 34 young (34816K), 2 survivors (2048K)
 Metaspace       used 105704K, capacity 108184K, committed 108492K, reserved 1142784K
  class space    used 13514K, capacity 14432K, committed 14540K, reserved 1048576K
}
Event: 34.181 GC heap after
{Heap after GC invocations=40 (full 0):
 garbage-first heap   total 227328K, used 140605K [0x0000000080000000, 0x0000000100000000)
  region size 1024K, 5 young (5120K), 5 survivors (5120K)
 Metaspace       used 105704K, capacity 108184K, committed 108492K, reserved 1142784K
  class space    used 13514K, capacity 14432K, committed 14540K, reserved 1048576K
}
Event: 35.546 GC heap before
{Heap before GC invocations=41 (full 0):
 garbage-first heap   total 227328K, used 170301K [0x0000000080000000, 0x0000000100000000)
  region size 1024K, 37 young (37888K), 5 survivors (5120K)
 Metaspace       used 106047K, capacity 108602K, committed 108748K, reserved 1142784K
  class space    used 13535K, capacity 14458K, committed 14540K, reserved 1048576K
}
Event: 35.573 GC heap after
{Heap after GC invocations=42 (full 0):
 garbage-first heap   total 227328K, used 142319K [0x0000000080000000, 0x0000000100000000)
  region size 1024K, 5 young (5120K), 5 survivors (5120K)
 Metaspace       used 106047K, capacity 108602K, committed 108748K, reserved 1142784K
  class space    used 13535K, capacity 14458K, committed 14540K, reserved 1048576K
}
Event: 35.628 GC heap before
{Heap before GC invocations=42 (full 0):
 garbage-first heap   total 227328K, used 147439K [0x0000000080000000, 0x0000000100000000)
  region size 1024K, 11 young (11264K), 5 survivors (5120K)
 Metaspace       used 106048K, capacity 108602K, committed 108748K, reserved 1142784K
  class space    used 13535K, capacity 14458K, committed 14540K, reserved 1048576K
}

