# JRE version: OpenJDK Runtime Environment (11.0.10) (build 11.0.10+0-b96-7249189)
# Java VM: OpenJDK 64-Bit Server VM (11.0.10+0-b96-7249189, mixed mode, tiered, compressed oops, g1 gc, windows-amd64)
Heap:
 garbage-first heap   total 319488K, used 176768K [0x0000000080000000, 0x0000000100000000)
  region size 1024K, 35 young (35840K), 2 survivors (2048K)
 Metaspace       used 108205K, capacity 110952K, committed 111052K, reserved 1144832K
  class space    used 13720K, capacity 14725K, committed 14796K, reserved 1048576K
GC Heap History (20 events):
Event: 74.123 GC heap before
{Heap before GC invocations=49 (full 0):
 garbage-first heap   total 235520K, used 125326K [0x0000000080000000, 0x0000000100000000)
  region size 1024K, 11 young (11264K), 1 survivors (1024K)
 Metaspace       used 100250K, capacity 102835K, committed 103116K, reserved 1138688K
  class space    used 13001K, capacity 13945K, committed 14028K, reserved 1048576K
}
Event: 74.132 GC heap after
{Heap after GC invocations=50 (full 0):
 garbage-first heap   total 235520K, used 105775K [0x0000000080000000, 0x0000000100000000)
  region size 1024K, 1 young (1024K), 1 survivors (1024K)
 Metaspace       used 100250K, capacity 102835K, committed 103116K, reserved 1138688K
  class space    used 13001K, capacity 13945K, committed 14028K, reserved 1048576K
}
Event: 75.039 GC heap before
{Heap before GC invocations=50 (full 0):
 garbage-first heap   total 235520K, used 177455K [0x0000000080000000, 0x0000000100000000)
  region size 1024K, 56 young (57344K), 1 survivors (1024K)
 Metaspace       used 101034K, capacity 103706K, committed 104012K, reserved 1138688K
  class space    used 13070K, capacity 14029K, committed 14156K, reserved 1048576K
}
Event: 75.045 GC heap after
{Heap after GC invocations=51 (full 0):
 garbage-first heap   total 235520K, used 108647K [0x0000000080000000, 0x0000000100000000)
  region size 1024K, 3 young (3072K), 3 survivors (3072K)
 Metaspace       used 101034K, capacity 103706K, committed 104012K, reserved 1138688K
  class space    used 13070K, capacity 14029K, committed 14156K, reserved 1048576K
}
Event: 75.798 GC heap before
{Heap before GC invocations=51 (full 0):
 garbage-first heap   total 235520K, used 165991K [0x0000000080000000, 0x0000000100000000)
  region size 1024K, 60 young (61440K), 3 survivors (3072K)
 Metaspace       used 104325K, capacity 107006K, committed 107340K, reserved 1142784K
  class space    used 13314K, capacity 14285K, committed 14412K, reserved 1048576K
}
Event: 75.806 GC heap after
{Heap after GC invocations=52 (full 0):
 garbage-first heap   total 235520K, used 110817K [0x0000000080000000, 0x0000000100000000)
  region size 1024K, 6 young (6144K), 6 survivors (6144K)
 Metaspace       used 104325K, capacity 107006K, committed 107340K, reserved 1142784K
  class space    used 13314K, capacity 14285K, committed 14412K, reserved 1048576K
}
Event: 77.007 GC heap before
{Heap before GC invocations=52 (full 0):
 garbage-first heap   total 235520K, used 171233K [0x0000000080000000, 0x0000000100000000)
  region size 1024K, 65 young (66560K), 6 survivors (6144K)
 Metaspace       used 105935K, capacity 108589K, committed 108620K, reserved 1142784K
  class space    used 13455K, capacity 14402K, committed 14412K, reserved 1048576K
}
Event: 77.014 GC heap after
{Heap after GC invocations=53 (full 0):
 garbage-first heap   total 235520K, used 107832K [0x0000000080000000, 0x0000000100000000)
  region size 1024K, 2 young (2048K), 2 survivors (2048K)
 Metaspace       used 105935K, capacity 108589K, committed 108620K, reserved 1142784K
  class space    used 13455K, capacity 14402K, committed 14412K, reserved 1048576K
}
Event: 78.189 GC heap before
{Heap before GC invocations=53 (full 0):
 garbage-first heap   total 235520K, used 184632K [0x0000000080000000, 0x0000000100000000)
  region size 1024K, 66 young (67584K), 2 survivors (2048K)
 Metaspace       used 107748K, capacity 110484K, committed 110796K, reserved 1144832K
  class space    used 13668K, capacity 14671K, committed 14796K, reserved 1048576K
}
Event: 78.210 GC heap after
{Heap after GC invocations=54 (full 0):
 garbage-first heap   total 235520K, used 130000K [0x0000000080000000, 0x0000000100000000)
  region size 1024K, 9 young (9216K), 9 survivors (9216K)
 Metaspace       used 107748K, capacity 110484K, committed 110796K, reserved 1144832K
  class space    used 13668K, capacity 14671K, committed 14796K, reserved 1048576K
}
Event: 78.498 GC heap before
{Heap before GC invocations=54 (full 0):
 garbage-first heap   total 235520K, used 182224K [0x0000000080000000, 0x0000000100000000)
  region size 1024K, 61 young (62464K), 9 survivors (9216K)
 Metaspace       used 108029K, capacity 110762K, committed 111052K, reserved 1144832K
  class space    used 13703K, capacity 14678K, committed 14796K, reserved 1048576K
}
Event: 78.548 GC heap after
{Heap after GC invocations=55 (full 0):
 garbage-first heap   total 235520K, used 144644K [0x0000000080000000, 0x0000000100000000)
  region size 1024K, 8 young (8192K), 8 survivors (8192K)
 Metaspace       used 108029K, capacity 110762K, committed 111052K, reserved 1144832K
  class space    used 13703K, capacity 14678K, committed 14796K, reserved 1048576K
}
Event: 78.794 GC heap before
{Heap before GC invocations=55 (full 0):
 garbage-first heap   total 235520K, used 186628K [0x0000000080000000, 0x0000000100000000)
  region size 1024K, 48 young (49152K), 8 survivors (8192K)
 Metaspace       used 108165K, capacity 110924K, committed 111052K, reserved 1144832K
  class space    used 13720K, capacity 14725K, committed 14796K, reserved 1048576K
}
Event: 78.844 GC heap after
{Heap after GC invocations=56 (full 0):
 garbage-first heap   total 235520K, used 162317K [0x0000000080000000, 0x0000000100000000)
  region size 1024K, 6 young (6144K), 6 survivors (6144K)
 Metaspace       used 108165K, capacity 110924K, committed 111052K, reserved 1144832K
  class space    used 13720K, capacity 14725K, committed 14796K, reserved 1048576K
}
Event: 79.263 GC heap before
{Heap before GC invocations=56 (full 0):
 garbage-first heap   total 235520K, used 188941K [0x0000000080000000, 0x0000000100000000)
  region size 1024K, 33 young (33792K), 6 survivors (6144K)
 Metaspace       used 108173K, capacity 110924K, committed 111052K, reserved 1144832K
  class space    used 13720K, capacity 14725K, committed 14796K, reserved 1048576K
}
Event: 79.284 GC heap after
{Heap after GC invocations=57 (full 0):
 garbage-first heap   total 235520K, used 167650K [0x0000000080000000, 0x0000000100000000)
  region size 1024K, 4 young (4096K), 4 survivors (4096K)
 Metaspace       used 108173K, capacity 110924K, committed 111052K, reserved 1144832K
  class space    used 13720K, capacity 14725K, committed 14796K, reserved 1048576K
}
Event: 79.988 GC heap before
{Heap before GC invocations=58 (full 0):
 garbage-first heap   total 235520K, used 186082K [0x0000000080000000, 0x0000000100000000)
  region size 1024K, 29 young (29696K), 4 survivors (4096K)
 Metaspace       used 108176K, capacity 110924K, committed 111052K, reserved 1144832K
  class space    used 13720K, capacity 14725K, committed 14796K, reserved 1048576K
}
Event: 80.015 GC heap after
{Heap after GC invocations=59 (full 0):
 garbage-first heap   total 319488K, used 163781K [0x0000000080000000, 0x0000000100000000)
  region size 1024K, 4 young (4096K), 4 survivors (4096K)
 Metaspace       used 108176K, capacity 110924K, committed 111052K, reserved 1144832K
  class space    used 13720K, capacity 14725K, committed 14796K, reserved 1048576K
}
Event: 80.389 GC heap before
{Heap before GC invocations=59 (full 0):
 garbage-first heap   total 319488K, used 175045K [0x0000000080000000, 0x0000000100000000)
  region size 1024K, 15 young (15360K), 4 survivors (4096K)
 Metaspace       used 108176K, capacity 110924K, committed 111052K, reserved 1144832K
  class space    used 13720K, capacity 14725K, committed 14796K, reserved 1048576K
}
Event: 80.410 GC heap after
{Heap after GC invocations=60 (full 0):
 garbage-first heap   total 319488K, used 144000K [0x0000000080000000, 0x0000000100000000)
  region size 1024K, 2 young (2048K), 2 survivors (2048K)
 Metaspace       used 108176K, capacity 110924K, committed 111052K, reserved 1144832K
  class space    used 13720K, capacity 14725K, committed 14796K, reserved 1048576K
}

